<?xml version="1.0" encoding="UTF-8"?>
<testng-results skipped="0" failed="0" ignored="0" total="1" passed="1">
  <reporter-output>
  </reporter-output>
  <suite name="Default suite" duration-ms="22360" started-at="2018-06-25T18:35:26Z" finished-at="2018-06-25T18:35:48Z">
    <groups>
    </groups>
    <test name="Default test" duration-ms="22360" started-at="2018-06-25T18:35:26Z" finished-at="2018-06-25T18:35:48Z">
      <class name="week3day2.Createlead">
        <test-method status="PASS" signature="createlead()[pri:0, instance:week3day2.Createlead@f5239f]" name="createlead" duration-ms="22332" started-at="2018-06-25T18:35:26Z" finished-at="2018-06-25T18:35:48Z">
          <reporter-output>
          </reporter-output>
        </test-method> <!-- createlead -->
      </class> <!-- week3day2.Createlead -->
    </test> <!-- Default test -->
  </suite> <!-- Default suite -->
</testng-results>
